# JRE version: Java(TM) SE Runtime Environment (15.0.2+7) (build 15.0.2+7-27)
# Java VM: Java HotSpot(TM) 64-Bit Server VM (15.0.2+7-27, mixed mode, sharing, tiered, compressed oops, g1 gc, windows-amd64)
GC Precious Log:
 CPUs: 8 total, 8 available
 Memory: 16252M
 Large Page Support: Disabled
 NUMA Support: Disabled
 Compressed Oops: Enabled (32-bit)
 Heap Region Size: 1M
 Heap Min Capacity: 8M
 Heap Initial Capacity: 254M
 Heap Max Capacity: 2G
 Pre-touch: Disabled
 Parallel Workers: 8
 Concurrent Workers: 2
 Concurrent Refinement Workers: 8
 Periodic GC: Disabled
Heap:
 garbage-first heap   total 260096K, used 170801K [0x0000000080000000, 0x0000000100000000)
  region size 1024K, 58 young (59392K), 1 survivors (1024K)
 Metaspace       used 143274K, capacity 145034K, committed 145072K, reserved 643072K
  class space    used 17840K, capacity 18394K, committed 18432K, reserved 516096K
GC Heap History (20 events):
Event: 28.519 GC heap before
{Heap before GC invocations=43 (full 0):
 garbage-first heap   total 198656K, used 108964K [0x0000000080000000, 0x0000000100000000)
  region size 1024K, 9 young (9216K), 6 survivors (6144K)
 Metaspace       used 117277K, capacity 118369K, committed 118576K, reserved 620544K
  class space    used 14802K, capacity 15190K, committed 15232K, reserved 516096K
}
Event: 28.528 GC heap after
{Heap after GC invocations=44 (full 0):
 garbage-first heap   total 198656K, used 90978K [0x0000000080000000, 0x0000000100000000)
  region size 1024K, 1 young (1024K), 1 survivors (1024K)
 Metaspace       used 117277K, capacity 118369K, committed 118576K, reserved 620544K
  class space    used 14802K, capacity 15190K, committed 15232K, reserved 516096K
}
Event: 28.853 GC heap before
{Heap before GC invocations=44 (full 0):
 garbage-first heap   total 198656K, used 147298K [0x0000000080000000, 0x0000000100000000)
  region size 1024K, 57 young (58368K), 1 survivors (1024K)
 Metaspace       used 117529K, capacity 118660K, committed 118832K, reserved 620544K
  class space    used 14806K, capacity 15223K, committed 15232K, reserved 516096K
}
Event: 28.864 GC heap after
{Heap after GC invocations=45 (full 0):
 garbage-first heap   total 198656K, used 102942K [0x0000000080000000, 0x0000000100000000)
  region size 1024K, 9 young (9216K), 9 survivors (9216K)
 Metaspace       used 117529K, capacity 118660K, committed 118832K, reserved 620544K
  class space    used 14806K, capacity 15223K, committed 15232K, reserved 516096K
}
Event: 29.273 GC heap before
{Heap before GC invocations=46 (full 0):
 garbage-first heap   total 222208K, used 158238K [0x0000000080000000, 0x0000000100000000)
  region size 1024K, 62 young (63488K), 9 survivors (9216K)
 Metaspace       used 117690K, capacity 118864K, committed 119088K, reserved 620544K
  class space    used 14813K, capacity 15225K, committed 15232K, reserved 516096K
}
Event: 29.283 GC heap after
{Heap after GC invocations=47 (full 0):
 garbage-first heap   total 222208K, used 108174K [0x0000000080000000, 0x0000000100000000)
  region size 1024K, 5 young (5120K), 5 survivors (5120K)
 Metaspace       used 117690K, capacity 118864K, committed 119088K, reserved 620544K
  class space    used 14813K, capacity 15225K, committed 15232K, reserved 516096K
}
Event: 30.457 GC heap before
{Heap before GC invocations=47 (full 0):
 garbage-first heap   total 222208K, used 176782K [0x0000000080000000, 0x0000000100000000)
  region size 1024K, 72 young (73728K), 5 survivors (5120K)
 Metaspace       used 120829K, capacity 121964K, committed 122160K, reserved 624640K
  class space    used 15006K, capacity 15424K, committed 15488K, reserved 516096K
}
Event: 30.467 GC heap after
{Heap after GC invocations=48 (full 0):
 garbage-first heap   total 222208K, used 117118K [0x0000000080000000, 0x0000000100000000)
  region size 1024K, 9 young (9216K), 9 survivors (9216K)
 Metaspace       used 120829K, capacity 121964K, committed 122160K, reserved 624640K
  class space    used 15006K, capacity 15424K, committed 15488K, reserved 516096K
}
Event: 31.885 GC heap before
{Heap before GC invocations=49 (full 0):
 garbage-first heap   total 222208K, used 178558K [0x0000000080000000, 0x0000000100000000)
  region size 1024K, 69 young (70656K), 9 survivors (9216K)
 Metaspace       used 125560K, capacity 126881K, committed 127152K, reserved 628736K
  class space    used 15604K, capacity 16046K, committed 16128K, reserved 516096K
}
Event: 31.898 GC heap after
{Heap after GC invocations=50 (full 0):
 garbage-first heap   total 222208K, used 116435K [0x0000000080000000, 0x0000000100000000)
  region size 1024K, 5 young (5120K), 5 survivors (5120K)
 Metaspace       used 125560K, capacity 126881K, committed 127152K, reserved 628736K
  class space    used 15604K, capacity 16046K, committed 16128K, reserved 516096K
}
Event: 54.007 GC heap before
{Heap before GC invocations=50 (full 0):
 garbage-first heap   total 222208K, used 178899K [0x0000000080000000, 0x0000000100000000)
  region size 1024K, 67 young (68608K), 5 survivors (5120K)
 Metaspace       used 132168K, capacity 133713K, committed 133936K, reserved 634880K
  class space    used 16526K, capacity 17014K, committed 17024K, reserved 516096K
}
Event: 54.016 GC heap after
{Heap after GC invocations=51 (full 0):
 garbage-first heap   total 222208K, used 122440K [0x0000000080000000, 0x0000000100000000)
  region size 1024K, 9 young (9216K), 9 survivors (9216K)
 Metaspace       used 132168K, capacity 133713K, committed 133936K, reserved 634880K
  class space    used 16526K, capacity 17014K, committed 17024K, reserved 516096K
}
Event: 54.954 GC heap before
{Heap before GC invocations=52 (full 0):
 garbage-first heap   total 222208K, used 151112K [0x0000000080000000, 0x0000000100000000)
  region size 1024K, 39 young (39936K), 9 survivors (9216K)
 Metaspace       used 133064K, capacity 134676K, committed 134832K, reserved 634880K
  class space    used 16605K, capacity 17116K, committed 17152K, reserved 516096K
}
Event: 54.964 GC heap after
{Heap after GC invocations=53 (full 0):
 garbage-first heap   total 222208K, used 123622K [0x0000000080000000, 0x0000000100000000)
  region size 1024K, 2 young (2048K), 2 survivors (2048K)
 Metaspace       used 133064K, capacity 134676K, committed 134832K, reserved 634880K
  class space    used 16605K, capacity 17116K, committed 17152K, reserved 516096K
}
Event: 55.717 GC heap before
{Heap before GC invocations=54 (full 0):
 garbage-first heap   total 224256K, used 167654K [0x0000000080000000, 0x0000000100000000)
  region size 1024K, 44 young (45056K), 2 survivors (2048K)
 Metaspace       used 137848K, capacity 139547K, committed 139824K, reserved 638976K
  class space    used 17138K, capacity 17687K, committed 17792K, reserved 516096K
}
Event: 55.721 GC heap after
{Heap after GC invocations=55 (full 0):
 garbage-first heap   total 224256K, used 132207K [0x0000000080000000, 0x0000000100000000)
  region size 1024K, 8 young (8192K), 8 survivors (8192K)
 Metaspace       used 137848K, capacity 139547K, committed 139824K, reserved 638976K
  class space    used 17138K, capacity 17687K, committed 17792K, reserved 516096K
}
Event: 56.448 GC heap before
{Heap before GC invocations=56 (full 0):
 garbage-first heap   total 260096K, used 182383K [0x0000000080000000, 0x0000000100000000)
  region size 1024K, 56 young (57344K), 8 survivors (8192K)
 Metaspace       used 140502K, capacity 142176K, committed 142384K, reserved 641024K
  class space    used 17469K, capacity 18046K, committed 18048K, reserved 516096K
}
Event: 56.456 GC heap after
{Heap after GC invocations=57 (full 0):
 garbage-first heap   total 260096K, used 129687K [0x0000000080000000, 0x0000000100000000)
  region size 1024K, 5 young (5120K), 5 survivors (5120K)
 Metaspace       used 140502K, capacity 142176K, committed 142384K, reserved 641024K
  class space    used 17469K, capacity 18046K, committed 18048K, reserved 516096K
}
Event: 56.581 GC heap before
{Heap before GC invocations=57 (full 0):
 garbage-first heap   total 260096K, used 136855K [0x0000000080000000, 0x0000000100000000)
  region size 1024K, 12 young (12288K), 5 survivors (5120K)
 Metaspace       used 141147K, capacity 142822K, committed 143024K, reserved 641024K
  class space    used 17535K, capacity 18111K, committed 18176K, reserved 516096K
}
Event: 56.599 GC heap after
{Heap after GC invocations=58 (full 0):
 garbage-first heap   total 260096K, used 112433K [0x0000000080000000, 0x0000000100000000)
  region size 1024K, 1 young (1024K), 1 survivors (1024K)
 Metaspace       used 141147K, capacity 142822K, committed 143024K, reserved 641024K
  class space    used 17535K, capacity 18111K, committed 18176K, reserved 516096K
}

